==4951== Memcheck, a memory error detector
==4951== Copyright (C) 2002-2011, and GNU GPL'd, by Julian Seward et al.
==4951== Using Valgrind-3.7.0 and LibVEX; rerun with -h for copyright info
==4951== Command: ./np 1k_0.2
==4951== Parent PID: 2524
==4951== 
==4951== Conditional jump or move depends on uninitialised value(s)
==4951==    at 0x4C2BFB8: strlen (in /usr/lib/valgrind/vgpreload_memcheck-amd64-linux.so)
==4951==    by 0x401F8C: distMatrix(char**, int) (in /home/kloetzl/np/np)
==4951==    by 0x4021B9: printDistMatrix(char**, char**, int) (in /home/kloetzl/np/np)
==4951==    by 0x4012F9: main (in /home/kloetzl/np/np)
==4951== 
==4951== Conditional jump or move depends on uninitialised value(s)
==4951==    at 0x4023D5: compute_LCP(esa*) (in /home/kloetzl/np/np)
==4951==    by 0x401FAD: distMatrix(char**, int) (in /home/kloetzl/np/np)
==4951==    by 0x4021B9: printDistMatrix(char**, char**, int) (in /home/kloetzl/np/np)
==4951==    by 0x4012F9: main (in /home/kloetzl/np/np)
==4951== 
==4951== Conditional jump or move depends on uninitialised value(s)
==4951==    at 0x4C2BFB8: strlen (in /usr/lib/valgrind/vgpreload_memcheck-amd64-linux.so)
==4951==    by 0x40202C: distMatrix(char**, int) (in /home/kloetzl/np/np)
==4951==    by 0x4021B9: printDistMatrix(char**, char**, int) (in /home/kloetzl/np/np)
==4951==    by 0x4012F9: main (in /home/kloetzl/np/np)
==4951== 
==4951== Conditional jump or move depends on uninitialised value(s)
==4951==    at 0x4023A7: compute_LCP(esa*) (in /home/kloetzl/np/np)
==4951==    by 0x401FAD: distMatrix(char**, int) (in /home/kloetzl/np/np)
==4951==    by 0x4021B9: printDistMatrix(char**, char**, int) (in /home/kloetzl/np/np)
==4951==    by 0x4012F9: main (in /home/kloetzl/np/np)
==4951== 
==4951== Conditional jump or move depends on uninitialised value(s)
==4951==    at 0x5F1A3B1: vfprintf (vfprintf.c:1630)
==4951==    by 0x5FD8630: __printf_chk (printf_chk.c:37)
==4951==    by 0x4021E7: printDistMatrix(char**, char**, int) (in /home/kloetzl/np/np)
==4951==    by 0x4012F9: main (in /home/kloetzl/np/np)
==4951== 
==4951== 
==4951== HEAP SUMMARY:
==4951==     in use at exit: 47,068 bytes in 2,882 blocks
==4951==   total heap usage: 2,920 allocs, 38 frees, 1,173,158 bytes allocated
==4951== 
==4951== 240 (48 direct, 192 indirect) bytes in 2 blocks are definitely lost in loss record 4 of 9
==4951==    at 0x4C2AC27: operator new[](unsigned long) (in /usr/lib/valgrind/vgpreload_memcheck-amd64-linux.so)
==4951==    by 0x403D3A: RMQ_succinct::RMQ_succinct(long*, unsigned long) (in /home/kloetzl/np/np)
==4951==    by 0x401FD4: distMatrix(char**, int) (in /home/kloetzl/np/np)
==4951==    by 0x4021B9: printDistMatrix(char**, char**, int) (in /home/kloetzl/np/np)
==4951==    by 0x4012F9: main (in /home/kloetzl/np/np)
==4951== 
==4951== 500 bytes in 2 blocks are definitely lost in loss record 6 of 9
==4951==    at 0x4C2AC27: operator new[](unsigned long) (in /usr/lib/valgrind/vgpreload_memcheck-amd64-linux.so)
==4951==    by 0x403873: RMQ_succinct::RMQ_succinct(long*, unsigned long) (in /home/kloetzl/np/np)
==4951==    by 0x401FD4: distMatrix(char**, int) (in /home/kloetzl/np/np)
==4951==    by 0x4021B9: printDistMatrix(char**, char**, int) (in /home/kloetzl/np/np)
==4951==    by 0x4012F9: main (in /home/kloetzl/np/np)
==4951== 
==4951== 568 (64 direct, 504 indirect) bytes in 2 blocks are definitely lost in loss record 7 of 9
==4951==    at 0x4C2AC27: operator new[](unsigned long) (in /usr/lib/valgrind/vgpreload_memcheck-amd64-linux.so)
==4951==    by 0x403CD8: RMQ_succinct::RMQ_succinct(long*, unsigned long) (in /home/kloetzl/np/np)
==4951==    by 0x401FD4: distMatrix(char**, int) (in /home/kloetzl/np/np)
==4951==    by 0x4021B9: printDistMatrix(char**, char**, int) (in /home/kloetzl/np/np)
==4951==    by 0x4012F9: main (in /home/kloetzl/np/np)
==4951== 
==4951== 45,760 (22,880 direct, 22,880 indirect) bytes in 2 blocks are definitely lost in loss record 9 of 9
==4951==    at 0x4C2AC27: operator new[](unsigned long) (in /usr/lib/valgrind/vgpreload_memcheck-amd64-linux.so)
==4951==    by 0x403893: RMQ_succinct::RMQ_succinct(long*, unsigned long) (in /home/kloetzl/np/np)
==4951==    by 0x401FD4: distMatrix(char**, int) (in /home/kloetzl/np/np)
==4951==    by 0x4021B9: printDistMatrix(char**, char**, int) (in /home/kloetzl/np/np)
==4951==    by 0x4012F9: main (in /home/kloetzl/np/np)
==4951== 
==4951== LEAK SUMMARY:
==4951==    definitely lost: 23,492 bytes in 8 blocks
==4951==    indirectly lost: 23,576 bytes in 2,874 blocks
==4951==      possibly lost: 0 bytes in 0 blocks
==4951==    still reachable: 0 bytes in 0 blocks
==4951==         suppressed: 0 bytes in 0 blocks
==4951== 
==4951== For counts of detected and suppressed errors, rerun with: -v
==4951== Use --track-origins=yes to see where uninitialised values come from
==4951== ERROR SUMMARY: 22 errors from 9 contexts (suppressed: 2 from 2)
